== EXP_006 Deploy Smoke Test ==
time: 2025-12-27T13:05:30-08:00
root: /Users/brnestrm/AFO_Kingdom

== Baseline Snapshot ==
== Baseline HTTP ==
baseline 8010: 200
baseline 8001: 200
baseline 3000: 200
== Baseline Security ==
AFO_INTERNAL_SECRET not set -> auth check SKIP
security baseline unauth: 200
security baseline wrong : 200
security baseline auth  : SKIP

== Clean Restart (best-effort) ==
8010 mode: local (pid=24294)
8001 mode: docker (02a9187fc73e)
docker restart 02a9187fc73e
3000 mode: local (pid=13639)

== Verify (<=60s) ==
tt_8010_s: 0
tt_8001_s: 1
tt_3000_s: 2
post 8010: 200
post 8001: 200
post 3000: 200
post security unauth: 200
post security wrong : 200
post security auth  : SKIP

== Docker RestartCount (if any) ==
afo-rag-service restart_count=0

== Verdict ==
PASS_HTTP=true
PASS_SEC=false
VERDICT=FAIL
