🏰 2025-12-24 09:55:29,073 INFO: 증거 디렉토리 준비 완료: artifacts/trinity/2025-12-24
🏰 2025-12-24 09:55:29,073 INFO: 🏰 Trinity Evidence 생성 시작
🏰 2025-12-24 09:55:29,073 INFO: 원천 증거 수집 완료
🏰 2025-12-24 09:55:29,074 INFO: Trinity Score 계산 완료: 1.0
🏰 2025-12-24 09:55:29,075 INFO: 철학적 판정 생성 완료
🏰 2025-12-24 09:55:29,075 INFO: 통합 증거 생성 완료
🏰 2025-12-24 09:55:29,077 INFO: 모든 증거 파일 저장 완료
🏰 2025-12-24 09:55:29,077 INFO: 🎯 Trinity Evidence 생성 완료!
🏰 2025-12-24 09:56:05,947 INFO: 증거 디렉토리 준비 완료: artifacts/trinity/2025-12-24
🏰 2025-12-24 09:56:05,947 INFO: 🏰 Trinity Evidence 생성 시작
🏰 2025-12-24 09:56:05,947 INFO: 원천 증거 수집 완료
🏰 2025-12-24 09:56:05,947 INFO: Trinity Score 계산 완료: 1.0
🏰 2025-12-24 09:56:05,947 INFO: 철학적 판정 생성 완료
🏰 2025-12-24 09:56:05,947 INFO: 통합 증거 생성 완료
🏰 2025-12-24 09:56:05,948 INFO: 모든 증거 파일 저장 완료
🏰 2025-12-24 09:56:05,948 INFO: 🎯 Trinity Evidence 생성 완료!
🏰 2025-12-24 09:58:42,335 INFO: 증거 디렉토리 준비 완료: artifacts/trinity/2025-12-24
🏰 2025-12-24 09:58:42,336 INFO: 🏰 Trinity Evidence 생성 시작
🏰 2025-12-24 09:58:42,336 INFO: 원천 증거 수집 완료
🏰 2025-12-24 09:58:42,336 INFO: Trinity Score 계산 완료: 1.0
🏰 2025-12-24 09:58:42,336 INFO: 철학적 판정 생성 완료
🏰 2025-12-24 09:58:42,336 INFO: 통합 증거 생성 완료
🏰 2025-12-24 09:58:42,337 INFO: 모든 증거 파일 저장 완료
🏰 2025-12-24 09:58:42,337 INFO: 🎯 Trinity Evidence 생성 완료!
🏰 2025-12-24 09:58:48,383 INFO: 증거 디렉토리 준비 완료: artifacts/trinity/2025-12-24
🏰 2025-12-24 09:58:48,383 INFO: 🏰 Trinity Evidence 생성 시작
🏰 2025-12-24 09:58:48,383 INFO: 원천 증거 수집 완료
🏰 2025-12-24 09:58:48,383 INFO: Trinity Score 계산 완료: 1.0
🏰 2025-12-24 09:58:48,383 INFO: 철학적 판정 생성 완료
🏰 2025-12-24 09:58:48,383 INFO: 통합 증거 생성 완료
🏰 2025-12-24 09:58:48,384 INFO: 모든 증거 파일 저장 완료
🏰 2025-12-24 09:58:48,384 INFO: 🎯 Trinity Evidence 생성 완료!
🏰 2025-12-24 09:58:48,417 INFO: 증거 디렉토리 준비 완료: artifacts/trinity/2025-12-24
🏰 2025-12-24 09:58:48,417 INFO: 🏰 Trinity Evidence 생성 시작
🏰 2025-12-24 09:58:48,417 INFO: 원천 증거 수집 완료
🏰 2025-12-24 09:58:48,418 INFO: Trinity Score 계산 완료: 1.0
🏰 2025-12-24 09:58:48,418 INFO: 철학적 판정 생성 완료
🏰 2025-12-24 09:58:48,418 INFO: 통합 증거 생성 완료
🏰 2025-12-24 09:58:48,418 INFO: 모든 증거 파일 저장 완료
🏰 2025-12-24 09:58:48,418 INFO: 🎯 Trinity Evidence 생성 완료!
🏰 2025-12-24 10:19:55,484 INFO: 증거 디렉토리 준비 완료: artifacts/trinity/2025-12-24
🏰 2025-12-24 10:19:55,485 INFO: 🏰 Trinity Evidence 생성 시작
🏰 2025-12-24 10:19:55,485 INFO: 원천 증거 수집 완료
🏰 2025-12-24 10:19:55,485 INFO: 眞 점수 계산: 테스트=0.98, 린트=1.00, 종합=0.99
🏰 2025-12-24 10:19:55,486 INFO: 善 점수 계산: 공격 성공률=83.3%, 방어 점수=0.17
🏰 2025-12-24 10:19:55,486 INFO: Trinity Score 계산 완료: 0.703
🏰 2025-12-24 10:19:55,486 INFO: 철학적 판정 생성 완료
🏰 2025-12-24 10:19:55,486 INFO: 통합 증거 생성 완료
🏰 2025-12-24 10:19:55,486 INFO: 모든 증거 파일 저장 완료
🏰 2025-12-24 10:19:55,486 INFO: 🎯 Trinity Evidence 생성 완료!
