=== PHASE 5 ACTION 4: LOCAL SSOT DRIFT CHECK ===
time: 20251229_101551

--- git status ---
## feature/ph20-05-sse-guardrail
?? scripts/deploy_when_ready.py
?? scripts/verify_context7_remote_metadata.py
?? scripts/verify_phase5_seal.sh

❌ FAIL: working tree not clean (local drift risk)
?? scripts/deploy_when_ready.py
?? scripts/verify_context7_remote_metadata.py
?? scripts/verify_phase5_seal.sh
⚠️ (Proceeding with untracked files only)
✅ working tree clean (no tracked modifications)

--- required files ---
✅ docs/context7_integration_metadata.json exists
expected_items_in_json=9
✅ all expected JSON paths exist on disk

--- local API health ---
✅ local API reachable: /api/health/comprehensive

--- strict metadata verify (LOCAL) ---
DEBUG: Using endpoint /api/context7/list
=== CONTEXT7 REMOTE METADATA VERIFY (STRICT) ===
BASE: http://127.0.0.1:8010
endpoint: /api/context7/list
items_loaded: 14
expected_items_in_json: 9
overlap_with_expected: 9
checked_overlap_items: 9
missing_metadata_on_expected_items: 0
mismatches: 0
✅ PASS: metadata aligned with JSON SSOT (strict)

✅ PHASE 5 ACTION 4 COMPLETE: LOCAL DRIFT CHECK PASS
